<?xml version="1.0" encoding="UTF-8"?>
<!-- Generated by org.testng.reporters.JUnitXMLReporter -->
<testsuite hostname="DESKTOP-CAL1G80" ignored="0" name="Default test" tests="8" failures="1" timestamp="04 Apr 2019 17:06:54 GMT" time="144.682" errors="0">
  <testcase name="checkURL" time="15.003" classname="testCases_HomePageFranchisee.UserPage_TestCase"/>
  <testcase name="checkButtonName" time="4.502" classname="testCases_HomePageFranchisee.UserPage_TestCase"/>
  <testcase name="buttonBackGroundWithoutMouseOverview" time="3.976" classname="testCases_HomePageFranchisee.UserPage_TestCase"/>
  <testcase name="buttonBackGroundWithMouseOverview" time="4.026" classname="testCases_HomePageFranchisee.UserPage_TestCase"/>
  <testcase name="buttonToolTipCheck" time="3.438" classname="testCases_HomePageFranchisee.UserPage_TestCase"/>
  <testcase name="tabnamesCheck" time="4.043" classname="testCases_HomePageFranchisee.UserPage_TestCase"/>
  <testcase name="checkDataOfUserProfile" time="24.68" classname="testCases_HomePageFranchisee.UserPage_TestCase"/>
  <testcase name="checkPasswordPageOnEdit" time="4.926" classname="testCases_HomePageFranchisee.UserPage_TestCase">
    <failure type="java.lang.AssertionError" message="expected [rgb(0, 127, 168)] but found [rgba(38, 146, 193, 1)]">
      <![CDATA[java.lang.AssertionError: expected [rgb(0, 127, 168)] but found [rgba(38, 146, 193, 1)]
at org.testng.Assert.fail(Assert.java:96)
at org.testng.Assert.failNotEquals(Assert.java:776)
at org.testng.Assert.assertEqualsImpl(Assert.java:137)
at org.testng.Assert.assertEquals(Assert.java:118)
at org.testng.Assert.assertEquals(Assert.java:453)
at org.testng.Assert.assertEquals(Assert.java:463)
at pageObjects_HomePageFranchisee.UserPage.checkPasswordPage(UserPage.java:641)
at testCases_HomePageFranchisee.UserPage_TestCase.checkPasswordPageOnEdit(UserPage_TestCase.java:120)
at sun.reflect.NativeMethodAccessorImpl.invoke0(Native Method)
at sun.reflect.NativeMethodAccessorImpl.invoke(NativeMethodAccessorImpl.java:62)
at sun.reflect.DelegatingMethodAccessorImpl.invoke(DelegatingMethodAccessorImpl.java:43)
at java.lang.reflect.Method.invoke(Method.java:498)
at org.testng.internal.MethodInvocationHelper.invokeMethod(MethodInvocationHelper.java:124)
at org.testng.internal.Invoker.invokeMethod(Invoker.java:583)
at org.testng.internal.Invoker.invokeTestMethod(Invoker.java:719)
at org.testng.internal.Invoker.invokeTestMethods(Invoker.java:989)
at org.testng.internal.TestMethodWorker.invokeTestMethods(TestMethodWorker.java:125)
at org.testng.internal.TestMethodWorker.run(TestMethodWorker.java:109)
at org.testng.TestRunner.privateRun(TestRunner.java:648)
at org.testng.TestRunner.run(TestRunner.java:505)
at org.testng.SuiteRunner.runTest(SuiteRunner.java:455)
at org.testng.SuiteRunner.runSequentially(SuiteRunner.java:450)
at org.testng.SuiteRunner.privateRun(SuiteRunner.java:415)
at org.testng.SuiteRunner.run(SuiteRunner.java:364)
at org.testng.SuiteRunnerWorker.runSuite(SuiteRunnerWorker.java:52)
at org.testng.SuiteRunnerWorker.run(SuiteRunnerWorker.java:84)
at org.testng.TestNG.runSuitesSequentially(TestNG.java:1208)
at org.testng.TestNG.runSuitesLocally(TestNG.java:1137)
at org.testng.TestNG.runSuites(TestNG.java:1049)
at org.testng.TestNG.run(TestNG.java:1017)
at org.testng.remote.AbstractRemoteTestNG.run(AbstractRemoteTestNG.java:115)
at org.testng.remote.RemoteTestNG.initAndRun(RemoteTestNG.java:251)
at org.testng.remote.RemoteTestNG.main(RemoteTestNG.java:77)
]]>
    </failure>
  </testcase> <!-- checkPasswordPageOnEdit -->
</testsuite> <!-- Default test -->
